evaluating file ‘/nix/store/0g72whyvcgc3vxmgkvahcy259c2gs2v4-nix-1.11.16/share/nix/corepkgs/derivation.nix’
evaluating file ‘/nix/store/6dknhs2v61jl71b48552npr6riw5cbk8-nixos-18.03pre122666.afe9649210c/nixos/default.nix’
|   evaluating file ‘/nix/store/6dknhs2v61jl71b48552npr6riw5cbk8-nixos-18.03pre122666.afe9649210c/nixos/lib/minver.nix’
|   evaluating file ‘/nix/store/6dknhs2v61jl71b48552npr6riw5cbk8-nixos-18.03pre122666.afe9649210c/nixos/pkgs/top-level/impure.nix’
evaluating file ‘/nix/store/6dknhs2v61jl71b48552npr6riw5cbk8-nixos-18.03pre122666.afe9649210c/nixos/pkgs/top-level/default.nix’
evaluating file ‘/nix/store/6dknhs2v61jl71b48552npr6riw5cbk8-nixos-18.03pre122666.afe9649210c/nixos/pkgs/stdenv/booter.nix’
evaluating file ‘/nix/store/6dknhs2v61jl71b48552npr6riw5cbk8-nixos-18.03pre122666.afe9649210c/nixos/lib/default.nix’
evaluating file ‘/nix/store/6dknhs2v61jl71b48552npr6riw5cbk8-nixos-18.03pre122666.afe9649210c/nixos/lib/lists.nix’
evaluating file ‘/nix/store/6dknhs2v61jl71b48552npr6riw5cbk8-nixos-18.03pre122666.afe9649210c/nixos/pkgs/stdenv/default.nix’
evaluating file ‘/nix/store/6dknhs2v61jl71b48552npr6riw5cbk8-nixos-18.03pre122666.afe9649210c/nixos/lib/trivial.nix’
evaluating file ‘/home/m/config/nixos/nixpkgs/m.config.nix’
evaluating file ‘/nix/store/6dknhs2v61jl71b48552npr6riw5cbk8-nixos-18.03pre122666.afe9649210c/nixos/lib/systems/default.nix’
evaluating file ‘/nix/store/6dknhs2v61jl71b48552npr6riw5cbk8-nixos-18.03pre122666.afe9649210c/nixos/lib/attrsets.nix’
evaluating file ‘/nix/store/6dknhs2v61jl71b48552npr6riw5cbk8-nixos-18.03pre122666.afe9649210c/nixos/lib/systems/inspect.nix’
evaluating file ‘/nix/store/6dknhs2v61jl71b48552npr6riw5cbk8-nixos-18.03pre122666.afe9649210c/nixos/pkgs/stdenv/linux/default.nix’
evaluating file ‘/nix/store/6dknhs2v61jl71b48552npr6riw5cbk8-nixos-18.03pre122666.afe9649210c/nixos/pkgs/top-level/stage.nix’
evaluating file ‘/nix/store/6dknhs2v61jl71b48552npr6riw5cbk8-nixos-18.03pre122666.afe9649210c/nixos/lib/fixed-points.nix’
evaluating file ‘/nix/store/6dknhs2v61jl71b48552npr6riw5cbk8-nixos-18.03pre122666.afe9649210c/nixos/pkgs/stdenv/adapters.nix’
evaluating file ‘/nix/store/6dknhs2v61jl71b48552npr6riw5cbk8-nixos-18.03pre122666.afe9649210c/nixos/pkgs/build-support/trivial-builders.nix’
evaluating file ‘/nix/store/6dknhs2v61jl71b48552npr6riw5cbk8-nixos-18.03pre122666.afe9649210c/nixos/pkgs/top-level/splice.nix’
evaluating file ‘/nix/store/6dknhs2v61jl71b48552npr6riw5cbk8-nixos-18.03pre122666.afe9649210c/nixos/pkgs/top-level/all-packages.nix’
evaluating file ‘/nix/store/6dknhs2v61jl71b48552npr6riw5cbk8-nixos-18.03pre122666.afe9649210c/nixos/pkgs/top-level/aliases.nix’
evaluating file ‘/nix/store/6dknhs2v61jl71b48552npr6riw5cbk8-nixos-18.03pre122666.afe9649210c/nixos/pkgs/stdenv/generic/default.nix’
|   evaluating file ‘/nix/store/6dknhs2v61jl71b48552npr6riw5cbk8-nixos-18.03pre122666.afe9649210c/nixos/lib/customisation.nix’
evaluating file ‘/nix/store/6dknhs2v61jl71b48552npr6riw5cbk8-nixos-18.03pre122666.afe9649210c/nixos/lib/systems/parse.nix’
evaluating file ‘/nix/store/6dknhs2v61jl71b48552npr6riw5cbk8-nixos-18.03pre122666.afe9649210c/nixos/lib/types.nix’
evaluating file ‘/nix/store/6dknhs2v61jl71b48552npr6riw5cbk8-nixos-18.03pre122666.afe9649210c/nixos/lib/strings.nix’
evaluating file ‘/home/m/dev/track/nixpkgs-mozilla/rust-overlay.nix’
evaluating file ‘/home/m/.config/nixpkgs/overlays/wordgrinder.nix’
evaluating file ‘/nix/store/6dknhs2v61jl71b48552npr6riw5cbk8-nixos-18.03pre122666.afe9649210c/nixos/pkgs/tools/text/gawk/default.nix’
evaluating file ‘/nix/store/6dknhs2v61jl71b48552npr6riw5cbk8-nixos-18.03pre122666.afe9649210c/nixos/pkgs/servers/x11/xorg/default.nix’
evaluating file ‘/nix/store/6dknhs2v61jl71b48552npr6riw5cbk8-nixos-18.03pre122666.afe9649210c/nixos/pkgs/stdenv/generic/make-derivation.nix’
evaluating file ‘/nix/store/6dknhs2v61jl71b48552npr6riw5cbk8-nixos-18.03pre122666.afe9649210c/nixos/pkgs/stdenv/generic/check-meta.nix’
evaluating file ‘/nix/store/6dknhs2v61jl71b48552npr6riw5cbk8-nixos-18.03pre122666.afe9649210c/nixos/lib/systems/doubles.nix’
evaluating file ‘/nix/store/6dknhs2v61jl71b48552npr6riw5cbk8-nixos-18.03pre122666.afe9649210c/nixos/lib/systems/platforms.nix’
evaluating file ‘/nix/store/6dknhs2v61jl71b48552npr6riw5cbk8-nixos-18.03pre122666.afe9649210c/nixos/pkgs/build-support/rust/build-rust-crate.nix’
evaluating file ‘/nix/store/6dknhs2v61jl71b48552npr6riw5cbk8-nixos-18.03pre122666.afe9649210c/nixos/pkgs/build-support/rust/default-crate-overrides.nix’
evaluating file ‘/nix/store/6dknhs2v61jl71b48552npr6riw5cbk8-nixos-18.03pre122666.afe9649210c/nixos/pkgs/build-support/rust/fetchcrate.nix’
evaluating file ‘/nix/store/6dknhs2v61jl71b48552npr6riw5cbk8-nixos-18.03pre122666.afe9649210c/nixos/pkgs/build-support/fetchurl/default.nix’
evaluating file ‘/nix/store/6dknhs2v61jl71b48552npr6riw5cbk8-nixos-18.03pre122666.afe9649210c/nixos/pkgs/build-support/cc-wrapper/default.nix’
evaluating file ‘/nix/store/6dknhs2v61jl71b48552npr6riw5cbk8-nixos-18.03pre122666.afe9649210c/nixos/lib/meta.nix’
evaluating file ‘/nix/store/6dknhs2v61jl71b48552npr6riw5cbk8-nixos-18.03pre122666.afe9649210c/nixos/pkgs/stdenv/linux/bootstrap-tools/default.nix’
evaluating file ‘/nix/store/6dknhs2v61jl71b48552npr6riw5cbk8-nixos-18.03pre122666.afe9649210c/nixos/pkgs/development/tools/misc/binutils/default.nix’
evaluating file ‘/nix/store/6dknhs2v61jl71b48552npr6riw5cbk8-nixos-18.03pre122666.afe9649210c/nixos/pkgs/development/libraries/glibc/default.nix’
evaluating file ‘/nix/store/6dknhs2v61jl71b48552npr6riw5cbk8-nixos-18.03pre122666.afe9649210c/nixos/pkgs/development/libraries/glibc/common.nix’
evaluating file ‘/nix/store/6dknhs2v61jl71b48552npr6riw5cbk8-nixos-18.03pre122666.afe9649210c/nixos/pkgs/os-specific/linux/kernel-headers/4.4.nix’
evaluating file ‘/nix/store/6dknhs2v61jl71b48552npr6riw5cbk8-nixos-18.03pre122666.afe9649210c/nixos/pkgs/development/compilers/gcc/6/default.nix’
evaluating file ‘/nix/store/6dknhs2v61jl71b48552npr6riw5cbk8-nixos-18.03pre122666.afe9649210c/nixos/pkgs/development/libraries/libelf/default.nix’
evaluating file ‘/nix/store/6dknhs2v61jl71b48552npr6riw5cbk8-nixos-18.03pre122666.afe9649210c/nixos/pkgs/development/libraries/zlib/default.nix’
evaluating file ‘/nix/store/6dknhs2v61jl71b48552npr6riw5cbk8-nixos-18.03pre122666.afe9649210c/nixos/pkgs/tools/misc/coreutils/default.nix’
evaluating file ‘/nix/store/6dknhs2v61jl71b48552npr6riw5cbk8-nixos-18.03pre122666.afe9649210c/nixos/pkgs/development/libraries/acl/default.nix’
evaluating file ‘/nix/store/6dknhs2v61jl71b48552npr6riw5cbk8-nixos-18.03pre122666.afe9649210c/nixos/pkgs/tools/text/gnugrep/default.nix’
evaluating file ‘/nix/store/6dknhs2v61jl71b48552npr6riw5cbk8-nixos-18.03pre122666.afe9649210c/nixos/pkgs/shells/bash/4.4.nix’
evaluating file ‘/nix/store/6dknhs2v61jl71b48552npr6riw5cbk8-nixos-18.03pre122666.afe9649210c/nixos/pkgs/shells/bash/bash-4.4-patches.nix’
evaluating file ‘/nix/store/6dknhs2v61jl71b48552npr6riw5cbk8-nixos-18.03pre122666.afe9649210c/nixos/pkgs/build-support/fetchurl/boot.nix’
evaluating file ‘/nix/store/0g72whyvcgc3vxmgkvahcy259c2gs2v4-nix-1.11.16/share/nix/corepkgs/fetchurl.nix’
evaluating file ‘/nix/store/6dknhs2v61jl71b48552npr6riw5cbk8-nixos-18.03pre122666.afe9649210c/nixos/pkgs/build-support/fetchurl/mirrors.nix’
evaluating file ‘/nix/store/6dknhs2v61jl71b48552npr6riw5cbk8-nixos-18.03pre122666.afe9649210c/nixos/pkgs/stdenv/linux/bootstrap-files/x86_64.nix’
|   evaluating file ‘/nix/store/6dknhs2v61jl71b48552npr6riw5cbk8-nixos-18.03pre122666.afe9649210c/nixos/pkgs/stdenv/linux/bootstrap-files/i686.nix’
evaluating file ‘/nix/store/6dknhs2v61jl71b48552npr6riw5cbk8-nixos-18.03pre122666.afe9649210c/nixos/pkgs/development/tools/misc/patchelf/default.nix’
evaluating file ‘/nix/store/6dknhs2v61jl71b48552npr6riw5cbk8-nixos-18.03pre122666.afe9649210c/nixos/pkgs/build-support/expand-response-params/default.nix’
evaluating file ‘/nix/store/6dknhs2v61jl71b48552npr6riw5cbk8-nixos-18.03pre122666.afe9649210c/nixos/pkgs/development/tools/parsing/bison/3.x.nix’
evaluating file ‘/nix/store/6dknhs2v61jl71b48552npr6riw5cbk8-nixos-18.03pre122666.afe9649210c/nixos/pkgs/development/tools/misc/gnum4/default.nix’
evaluating file ‘/nix/store/6dknhs2v61jl71b48552npr6riw5cbk8-nixos-18.03pre122666.afe9649210c/nixos/pkgs/development/interpreters/perl/default.nix’
evaluating file ‘/nix/store/6dknhs2v61jl71b48552npr6riw5cbk8-nixos-18.03pre122666.afe9649210c/nixos/pkgs/tools/compression/xz/default.nix’
evaluating file ‘/nix/store/6dknhs2v61jl71b48552npr6riw5cbk8-nixos-18.03pre122666.afe9649210c/nixos/pkgs/os-specific/linux/paxctl/default.nix’
evaluating file ‘/nix/store/6dknhs2v61jl71b48552npr6riw5cbk8-nixos-18.03pre122666.afe9649210c/nixos/pkgs/development/libraries/isl/0.14.1.nix’
evaluating file ‘/nix/store/6dknhs2v61jl71b48552npr6riw5cbk8-nixos-18.03pre122666.afe9649210c/nixos/pkgs/development/libraries/gmp/6.x.nix’
evaluating file ‘/nix/store/6dknhs2v61jl71b48552npr6riw5cbk8-nixos-18.03pre122666.afe9649210c/nixos/pkgs/development/libraries/mpfr/default.nix’
evaluating file ‘/nix/store/6dknhs2v61jl71b48552npr6riw5cbk8-nixos-18.03pre122666.afe9649210c/nixos/pkgs/development/libraries/libmpc/default.nix’
evaluating file ‘/nix/store/6dknhs2v61jl71b48552npr6riw5cbk8-nixos-18.03pre122666.afe9649210c/nixos/pkgs/development/libraries/gettext/default.nix’
evaluating file ‘/nix/store/6dknhs2v61jl71b48552npr6riw5cbk8-nixos-18.03pre122666.afe9649210c/nixos/pkgs/development/tools/misc/texinfo/6.5.nix’
evaluating file ‘/nix/store/6dknhs2v61jl71b48552npr6riw5cbk8-nixos-18.03pre122666.afe9649210c/nixos/pkgs/tools/system/which/default.nix’
evaluating file ‘/nix/store/6dknhs2v61jl71b48552npr6riw5cbk8-nixos-18.03pre122666.afe9649210c/nixos/pkgs/stdenv/common-path.nix’
evaluating file ‘/nix/store/6dknhs2v61jl71b48552npr6riw5cbk8-nixos-18.03pre122666.afe9649210c/nixos/pkgs/development/libraries/attr/default.nix’
evaluating file ‘/nix/store/6dknhs2v61jl71b48552npr6riw5cbk8-nixos-18.03pre122666.afe9649210c/nixos/pkgs/tools/misc/findutils/default.nix’
evaluating file ‘/nix/store/6dknhs2v61jl71b48552npr6riw5cbk8-nixos-18.03pre122666.afe9649210c/nixos/pkgs/tools/text/diffutils/default.nix’
evaluating file ‘/nix/store/6dknhs2v61jl71b48552npr6riw5cbk8-nixos-18.03pre122666.afe9649210c/nixos/pkgs/tools/text/gnused/default.nix’
evaluating file ‘/nix/store/6dknhs2v61jl71b48552npr6riw5cbk8-nixos-18.03pre122666.afe9649210c/nixos/pkgs/development/libraries/pcre/default.nix’
evaluating file ‘/nix/store/6dknhs2v61jl71b48552npr6riw5cbk8-nixos-18.03pre122666.afe9649210c/nixos/pkgs/tools/archivers/gnutar/default.nix’
evaluating file ‘/nix/store/6dknhs2v61jl71b48552npr6riw5cbk8-nixos-18.03pre122666.afe9649210c/nixos/pkgs/tools/compression/gzip/default.nix’
evaluating file ‘/nix/store/6dknhs2v61jl71b48552npr6riw5cbk8-nixos-18.03pre122666.afe9649210c/nixos/pkgs/tools/compression/bzip2/default.nix’
evaluating file ‘/nix/store/6dknhs2v61jl71b48552npr6riw5cbk8-nixos-18.03pre122666.afe9649210c/nixos/pkgs/development/tools/build-managers/gnumake/4.2/default.nix’
evaluating file ‘/nix/store/6dknhs2v61jl71b48552npr6riw5cbk8-nixos-18.03pre122666.afe9649210c/nixos/pkgs/development/tools/misc/pkgconfig/default.nix’
evaluating file ‘/nix/store/6dknhs2v61jl71b48552npr6riw5cbk8-nixos-18.03pre122666.afe9649210c/nixos/pkgs/tools/text/gnupatch/default.nix’
evaluating file ‘/nix/store/6dknhs2v61jl71b48552npr6riw5cbk8-nixos-18.03pre122666.afe9649210c/nixos/pkgs/applications/editors/ed/default.nix’
evaluating file ‘/nix/store/6dknhs2v61jl71b48552npr6riw5cbk8-nixos-18.03pre122666.afe9649210c/nixos/pkgs/tools/compression/lzip/default.nix’
evaluating file ‘/nix/store/6dknhs2v61jl71b48552npr6riw5cbk8-nixos-18.03pre122666.afe9649210c/nixos/pkgs/tools/networking/curl/default.nix’
evaluating file ‘/nix/store/6dknhs2v61jl71b48552npr6riw5cbk8-nixos-18.03pre122666.afe9649210c/nixos/pkgs/development/libraries/nghttp2/default.nix’
evaluating file ‘/nix/store/6dknhs2v61jl71b48552npr6riw5cbk8-nixos-18.03pre122666.afe9649210c/nixos/pkgs/development/libraries/openssl/default.nix’
evaluating file ‘/nix/store/6dknhs2v61jl71b48552npr6riw5cbk8-nixos-18.03pre122666.afe9649210c/nixos/pkgs/development/libraries/libssh2/default.nix’
evaluating file ‘/nix/store/6dknhs2v61jl71b48552npr6riw5cbk8-nixos-18.03pre122666.afe9649210c/nixos/pkgs/development/libraries/libev/default.nix’
evaluating file ‘/nix/store/6dknhs2v61jl71b48552npr6riw5cbk8-nixos-18.03pre122666.afe9649210c/nixos/pkgs/development/libraries/c-ares/default.nix’
evaluating file ‘/nix/store/6dknhs2v61jl71b48552npr6riw5cbk8-nixos-18.03pre122666.afe9649210c/nixos/pkgs/tools/archivers/unzip/default.nix’
evaluating file ‘/nix/store/6dknhs2v61jl71b48552npr6riw5cbk8-nixos-18.03pre122666.afe9649210c/nixos/lib/fetchers.nix’
evaluating file ‘/nix/store/6dknhs2v61jl71b48552npr6riw5cbk8-nixos-18.03pre122666.afe9649210c/nixos/pkgs/development/compilers/rust/default.nix’
evaluating file ‘/nix/store/6dknhs2v61jl71b48552npr6riw5cbk8-nixos-18.03pre122666.afe9649210c/nixos/pkgs/development/compilers/rust/rustc.nix’
evaluating file ‘/nix/store/6dknhs2v61jl71b48552npr6riw5cbk8-nixos-18.03pre122666.afe9649210c/nixos/pkgs/development/compilers/rust/bootstrap.nix’
evaluating file ‘/nix/store/6dknhs2v61jl71b48552npr6riw5cbk8-nixos-18.03pre122666.afe9649210c/nixos/pkgs/development/compilers/rust/binaryBuild.nix’
evaluating file ‘/nix/store/6dknhs2v61jl71b48552npr6riw5cbk8-nixos-18.03pre122666.afe9649210c/nixos/pkgs/development/libraries/ncurses/default.nix’
evaluating file ‘/nix/store/6dknhs2v61jl71b48552npr6riw5cbk8-nixos-18.03pre122666.afe9649210c/nixos/pkgs/tools/misc/file/default.nix’
evaluating file ‘/nix/store/6dknhs2v61jl71b48552npr6riw5cbk8-nixos-18.03pre122666.afe9649210c/nixos/pkgs/development/interpreters/python/cpython/2.7/default.nix’
evaluating file ‘/nix/store/6dknhs2v61jl71b48552npr6riw5cbk8-nixos-18.03pre122666.afe9649210c/nixos/pkgs/development/libraries/db/db-5.3.nix’
evaluating file ‘/nix/store/6dknhs2v61jl71b48552npr6riw5cbk8-nixos-18.03pre122666.afe9649210c/nixos/pkgs/development/libraries/db/generic.nix’
evaluating file ‘/nix/store/6dknhs2v61jl71b48552npr6riw5cbk8-nixos-18.03pre122666.afe9649210c/nixos/pkgs/development/libraries/gdbm/default.nix’
evaluating file ‘/nix/store/6dknhs2v61jl71b48552npr6riw5cbk8-nixos-18.03pre122666.afe9649210c/nixos/pkgs/development/libraries/sqlite/default.nix’
evaluating file ‘/nix/store/6dknhs2v61jl71b48552npr6riw5cbk8-nixos-18.03pre122666.afe9649210c/nixos/pkgs/development/libraries/readline/6.3.nix’
evaluating file ‘/nix/store/6dknhs2v61jl71b48552npr6riw5cbk8-nixos-18.03pre122666.afe9649210c/nixos/pkgs/development/libraries/readline/readline-6.3-patches.nix’
evaluating file ‘/nix/store/6dknhs2v61jl71b48552npr6riw5cbk8-nixos-18.03pre122666.afe9649210c/nixos/pkgs/development/interpreters/python/setup-hook.nix’
evaluating file ‘/nix/store/6dknhs2v61jl71b48552npr6riw5cbk8-nixos-18.03pre122666.afe9649210c/nixos/pkgs/os-specific/linux/procps-ng/default.nix’
evaluating file ‘/nix/store/6dknhs2v61jl71b48552npr6riw5cbk8-nixos-18.03pre122666.afe9649210c/nixos/pkgs/applications/version-management/git-and-tools/default.nix’
evaluating file ‘/nix/store/6dknhs2v61jl71b48552npr6riw5cbk8-nixos-18.03pre122666.afe9649210c/nixos/pkgs/applications/version-management/git-and-tools/git/default.nix’
evaluating file ‘/nix/store/6dknhs2v61jl71b48552npr6riw5cbk8-nixos-18.03pre122666.afe9649210c/nixos/pkgs/development/libraries/expat/default.nix’
evaluating file ‘/nix/store/6dknhs2v61jl71b48552npr6riw5cbk8-nixos-18.03pre122666.afe9649210c/nixos/pkgs/tools/archivers/cpio/default.nix’
evaluating file ‘/nix/store/6dknhs2v61jl71b48552npr6riw5cbk8-nixos-18.03pre122666.afe9649210c/nixos/pkgs/build-support/fetchpatch/default.nix’
evaluating file ‘/nix/store/6dknhs2v61jl71b48552npr6riw5cbk8-nixos-18.03pre122666.afe9649210c/nixos/pkgs/tools/text/patchutils/default.nix’
evaluating file ‘/nix/store/6dknhs2v61jl71b48552npr6riw5cbk8-nixos-18.03pre122666.afe9649210c/nixos/pkgs/tools/typesetting/asciidoc/default.nix’
evaluating file ‘/nix/store/6dknhs2v61jl71b48552npr6riw5cbk8-nixos-18.03pre122666.afe9649210c/nixos/pkgs/development/tools/misc/texinfo/5.2.nix’
evaluating file ‘/nix/store/6dknhs2v61jl71b48552npr6riw5cbk8-nixos-18.03pre122666.afe9649210c/nixos/pkgs/tools/typesetting/xmlto/default.nix’
evaluating file ‘/nix/store/6dknhs2v61jl71b48552npr6riw5cbk8-nixos-18.03pre122666.afe9649210c/nixos/pkgs/development/libraries/libxml2/default.nix’
evaluating file ‘/nix/store/6dknhs2v61jl71b48552npr6riw5cbk8-nixos-18.03pre122666.afe9649210c/nixos/pkgs/development/libraries/libxslt/default.nix’
evaluating file ‘/nix/store/6dknhs2v61jl71b48552npr6riw5cbk8-nixos-18.03pre122666.afe9649210c/nixos/pkgs/data/sgml+xml/schemas/xml-dtd/docbook/4.5.nix’
evaluating file ‘/nix/store/6dknhs2v61jl71b48552npr6riw5cbk8-nixos-18.03pre122666.afe9649210c/nixos/pkgs/data/sgml+xml/schemas/xml-dtd/docbook/generic.nix’
evaluating file ‘/nix/store/6dknhs2v61jl71b48552npr6riw5cbk8-nixos-18.03pre122666.afe9649210c/nixos/pkgs/data/sgml+xml/stylesheets/xslt/docbook-xsl/default.nix’
evaluating file ‘/nix/store/6dknhs2v61jl71b48552npr6riw5cbk8-nixos-18.03pre122666.afe9649210c/nixos/pkgs/tools/misc/getopt/default.nix’
evaluating file ‘/nix/store/6dknhs2v61jl71b48552npr6riw5cbk8-nixos-18.03pre122666.afe9649210c/nixos/pkgs/applications/networking/browsers/w3m/default.nix’
evaluating file ‘/nix/store/6dknhs2v61jl71b48552npr6riw5cbk8-nixos-18.03pre122666.afe9649210c/nixos/pkgs/development/libraries/imlib2/default.nix’
evaluating file ‘/nix/store/6dknhs2v61jl71b48552npr6riw5cbk8-nixos-18.03pre122666.afe9649210c/nixos/pkgs/servers/x11/xorg/overrides.nix’
evaluating file ‘/nix/store/6dknhs2v61jl71b48552npr6riw5cbk8-nixos-18.03pre122666.afe9649210c/nixos/pkgs/servers/gpm/default.nix’
evaluating file ‘/nix/store/6dknhs2v61jl71b48552npr6riw5cbk8-nixos-18.03pre122666.afe9649210c/nixos/pkgs/build-support/fetchzip/default.nix’
evaluating file ‘/nix/store/6dknhs2v61jl71b48552npr6riw5cbk8-nixos-18.03pre122666.afe9649210c/nixos/pkgs/development/libraries/boehm-gc/default.nix’
evaluating file ‘/nix/store/6dknhs2v61jl71b48552npr6riw5cbk8-nixos-18.03pre122666.afe9649210c/nixos/pkgs/development/libraries/libatomic_ops/default.nix’
evaluating file ‘/nix/store/6dknhs2v61jl71b48552npr6riw5cbk8-nixos-18.03pre122666.afe9649210c/nixos/pkgs/tools/misc/man-db/default.nix’
evaluating file ‘/nix/store/6dknhs2v61jl71b48552npr6riw5cbk8-nixos-18.03pre122666.afe9649210c/nixos/pkgs/development/libraries/libpipeline/default.nix’
evaluating file ‘/nix/store/6dknhs2v61jl71b48552npr6riw5cbk8-nixos-18.03pre122666.afe9649210c/nixos/pkgs/tools/text/groff/default.nix’
evaluating file ‘/nix/store/6dknhs2v61jl71b48552npr6riw5cbk8-nixos-18.03pre122666.afe9649210c/nixos/pkgs/tools/typesetting/docbook2x/default.nix’
evaluating file ‘/nix/store/6dknhs2v61jl71b48552npr6riw5cbk8-nixos-18.03pre122666.afe9649210c/nixos/pkgs/top-level/perl-packages.nix’
evaluating file ‘/nix/store/6dknhs2v61jl71b48552npr6riw5cbk8-nixos-18.03pre122666.afe9649210c/nixos/pkgs/development/perl-modules/generic/default.nix’
evaluating file ‘/nix/store/6dknhs2v61jl71b48552npr6riw5cbk8-nixos-18.03pre122666.afe9649210c/nixos/pkgs/tools/text/sgml/opensp/default.nix’
evaluating file ‘/nix/store/6dknhs2v61jl71b48552npr6riw5cbk8-nixos-18.03pre122666.afe9649210c/nixos/pkgs/data/sgml+xml/schemas/xml-dtd/docbook/4.1.2.nix’
evaluating file ‘/nix/store/6dknhs2v61jl71b48552npr6riw5cbk8-nixos-18.03pre122666.afe9649210c/nixos/pkgs/data/sgml+xml/schemas/xml-dtd/docbook/4.3.nix’
evaluating file ‘/nix/store/6dknhs2v61jl71b48552npr6riw5cbk8-nixos-18.03pre122666.afe9649210c/nixos/pkgs/development/libraries/pcre2/default.nix’
evaluating file ‘/nix/store/6dknhs2v61jl71b48552npr6riw5cbk8-nixos-18.03pre122666.afe9649210c/nixos/pkgs/tools/networking/openssh/default.nix’
evaluating file ‘/nix/store/6dknhs2v61jl71b48552npr6riw5cbk8-nixos-18.03pre122666.afe9649210c/nixos/pkgs/os-specific/linux/pam/default.nix’
evaluating file ‘/nix/store/6dknhs2v61jl71b48552npr6riw5cbk8-nixos-18.03pre122666.afe9649210c/nixos/pkgs/development/libraries/libedit/default.nix’
evaluating file ‘/nix/store/6dknhs2v61jl71b48552npr6riw5cbk8-nixos-18.03pre122666.afe9649210c/nixos/pkgs/development/libraries/cracklib/default.nix’
evaluating file ‘/nix/store/6dknhs2v61jl71b48552npr6riw5cbk8-nixos-18.03pre122666.afe9649210c/nixos/pkgs/development/tools/parsing/flex/default.nix’
evaluating file ‘/nix/store/6dknhs2v61jl71b48552npr6riw5cbk8-nixos-18.03pre122666.afe9649210c/nixos/pkgs/development/tools/misc/autoconf/default.nix’
evaluating file ‘/nix/store/6dknhs2v61jl71b48552npr6riw5cbk8-nixos-18.03pre122666.afe9649210c/nixos/pkgs/development/tools/misc/automake/automake-1.15.x.nix’
evaluating file ‘/nix/store/6dknhs2v61jl71b48552npr6riw5cbk8-nixos-18.03pre122666.afe9649210c/nixos/pkgs/development/tools/misc/libtool/libtool2.nix’
evaluating file ‘/nix/store/6dknhs2v61jl71b48552npr6riw5cbk8-nixos-18.03pre122666.afe9649210c/nixos/pkgs/development/tools/misc/help2man/default.nix’
evaluating file ‘/nix/store/6dknhs2v61jl71b48552npr6riw5cbk8-nixos-18.03pre122666.afe9649210c/nixos/pkgs/development/libraries/qt-5/5.9/default.nix’
evaluating file ‘/nix/store/6dknhs2v61jl71b48552npr6riw5cbk8-nixos-18.03pre122666.afe9649210c/nixos/pkgs/development/tools/build-managers/cmake/default.nix’
evaluating file ‘/nix/store/6dknhs2v61jl71b48552npr6riw5cbk8-nixos-18.03pre122666.afe9649210c/nixos/pkgs/development/libraries/libarchive/default.nix’
evaluating file ‘/nix/store/6dknhs2v61jl71b48552npr6riw5cbk8-nixos-18.03pre122666.afe9649210c/nixos/pkgs/tools/archivers/sharutils/default.nix’
evaluating file ‘/nix/store/6dknhs2v61jl71b48552npr6riw5cbk8-nixos-18.03pre122666.afe9649210c/nixos/pkgs/development/libraries/lzo/default.nix’
evaluating file ‘/nix/store/6dknhs2v61jl71b48552npr6riw5cbk8-nixos-18.03pre122666.afe9649210c/nixos/pkgs/tools/filesystems/e2fsprogs/default.nix’
evaluating file ‘/nix/store/6dknhs2v61jl71b48552npr6riw5cbk8-nixos-18.03pre122666.afe9649210c/nixos/pkgs/os-specific/linux/util-linux/default.nix’
evaluating file ‘/nix/store/6dknhs2v61jl71b48552npr6riw5cbk8-nixos-18.03pre122666.afe9649210c/nixos/pkgs/os-specific/linux/shadow/default.nix’
evaluating file ‘/nix/store/6dknhs2v61jl71b48552npr6riw5cbk8-nixos-18.03pre122666.afe9649210c/nixos/pkgs/development/tools/documentation/gnome-doc-utils/default.nix’
evaluating file ‘/nix/store/6dknhs2v61jl71b48552npr6riw5cbk8-nixos-18.03pre122666.afe9649210c/nixos/pkgs/top-level/python-packages.nix’
evaluating file ‘/nix/store/6dknhs2v61jl71b48552npr6riw5cbk8-nixos-18.03pre122666.afe9649210c/nixos/pkgs/development/interpreters/python/build-python-package.nix’
evaluating file ‘/nix/store/6dknhs2v61jl71b48552npr6riw5cbk8-nixos-18.03pre122666.afe9649210c/nixos/pkgs/development/interpreters/python/mk-python-derivation.nix’
evaluating file ‘/nix/store/6dknhs2v61jl71b48552npr6riw5cbk8-nixos-18.03pre122666.afe9649210c/nixos/pkgs/development/interpreters/python/wrap-python.nix’
evaluating file ‘/nix/store/6dknhs2v61jl71b48552npr6riw5cbk8-nixos-18.03pre122666.afe9649210c/nixos/pkgs/development/python-modules/setuptools/default.nix’
evaluating file ‘/nix/store/6dknhs2v61jl71b48552npr6riw5cbk8-nixos-18.03pre122666.afe9649210c/nixos/pkgs/development/tools/misc/intltool/default.nix’
evaluating file ‘/nix/store/6dknhs2v61jl71b48552npr6riw5cbk8-nixos-18.03pre122666.afe9649210c/nixos/pkgs/build-support/buildenv/default.nix’
evaluating file ‘/nix/store/6dknhs2v61jl71b48552npr6riw5cbk8-nixos-18.03pre122666.afe9649210c/nixos/pkgs/development/libraries/libuv/default.nix’
evaluating file ‘/nix/store/6dknhs2v61jl71b48552npr6riw5cbk8-nixos-18.03pre122666.afe9649210c/nixos/pkgs/tools/security/rhash/default.nix’
evaluating file ‘/nix/store/6dknhs2v61jl71b48552npr6riw5cbk8-nixos-18.03pre122666.afe9649210c/nixos/pkgs/development/libraries/libffi/default.nix’
evaluating file ‘/nix/store/6dknhs2v61jl71b48552npr6riw5cbk8-nixos-18.03pre122666.afe9649210c/nixos/pkgs/development/tools/misc/gdb/default.nix’
evaluating file ‘/nix/store/6dknhs2v61jl71b48552npr6riw5cbk8-nixos-18.03pre122666.afe9649210c/nixos/pkgs/data/misc/tzdata/default.nix’
warning: dumping very large path (> 256 MiB); this may run out of memory
error: while evaluating the attribute ‘dependencies’ of the derivation ‘rust_imag-0.5.0’ at /nix/store/6dknhs2v61jl71b48552npr6riw5cbk8-nixos-18.03pre122666.afe9649210c/nixos/pkgs/stdenv/generic/make-derivation.nix:98:11:
while evaluating the attribute ‘dependencies’ of the derivation ‘rust_libimagrt-0.5.0’ at /nix/store/6dknhs2v61jl71b48552npr6riw5cbk8-nixos-18.03pre122666.afe9649210c/nixos/pkgs/stdenv/generic/make-derivation.nix:98:11:
while evaluating the attribute ‘dependencies’ of the derivation ‘rust_libimaginteraction-0.5.0’ at /nix/store/6dknhs2v61jl71b48552npr6riw5cbk8-nixos-18.03pre122666.afe9649210c/nixos/pkgs/stdenv/generic/make-derivation.nix:98:11:
while evaluating the attribute ‘dependencies’ of the derivation ‘rust_libimagstore-0.5.0’ at /nix/store/6dknhs2v61jl71b48552npr6riw5cbk8-nixos-18.03pre122666.afe9649210c/nixos/pkgs/stdenv/generic/make-derivation.nix:98:11:
while evaluating the attribute ‘src’ of the derivation ‘rust_libimagutil-0.5.0’ at /nix/store/6dknhs2v61jl71b48552npr6riw5cbk8-nixos-18.03pre122666.afe9649210c/nixos/pkgs/stdenv/generic/make-derivation.nix:98:11:
writing to file: Connection reset by peer
